0 info it worked if it ends with ok
1 verbose cli [ 'C:\\Program Files\\nodejs\\node.exe',
1 verbose cli   'C:\\Program Files\\nodejs\\node_modules\\npm\\bin\\npm-cli.js',
1 verbose cli   'start' ]
2 info using npm@4.1.2
3 info using node@v7.7.3
4 verbose run-script [ 'prestart', 'start', 'poststart' ]
5 info lifecycle webentwicklung@1.0.0~prestart: webentwicklung@1.0.0
6 silly lifecycle webentwicklung@1.0.0~prestart: no script for prestart, continuing
7 info lifecycle webentwicklung@1.0.0~start: webentwicklung@1.0.0
8 verbose lifecycle webentwicklung@1.0.0~start: unsafe-perm in lifecycle true
9 verbose lifecycle webentwicklung@1.0.0~start: PATH: C:\Program Files\nodejs\node_modules\npm\bin\node-gyp-bin;D:\Webentwicklung\node_modules\.bin;C:\Users\Stefan\bin;C:\Program Files\Git\mingw64\bin;C:\Program Files\Git\usr\local\bin;C:\Program Files\Git\usr\bin;C:\Program Files\Git\usr\bin;C:\Program Files\Git\mingw64\bin;C:\Program Files\Git\usr\bin;C:\Users\Stefan\bin;C:\ProgramData\Oracle\Java\javapath;C:\Program Files (x86)\NVIDIA Corporation\PhysX\Common;C:\Program Files\Common Files\Microsoft Shared\Windows Live;C:\Program Files (x86)\Common Files\Microsoft Shared\Windows Live;C:\WINDOWS\system32;C:\WINDOWS;C:\WINDOWS\System32\Wbem;C:\WINDOWS\System32\WindowsPowerShell\v1.0;C:\Program Files (x86)\Windows Live\Shared;C:\instantclient_12_1;C:\Program Files (x86)\Skype\Phone;C:\WINDOWS\system32\config\systemprofile\.dnx\bin;C:\Program Files\Microsoft DNX\Dnvm;C:\Program Files\Microsoft SQL Server\130\Tools\Binn;C:\Program Files\Java\jdk1.8.0_45\bin;C:\Program Files\Git\cmd;C:\Program Files\nodejs;C:\WINDOWS\System32\OpenSSH;C:\Users\Stefan\AppData\Local\Programs\MiKTeX 2.9\miktex\bin\x64;C:\Users\Stefan\AppData\Local\Microsoft\WindowsApps;C:\Program Files\Microsoft VS Code\bin;C:\Users\Stefan\AppData\Roaming\npm;C:\Program Files\Git\usr\bin\vendor_perl;C:\Program Files\Git\usr\bin\core_perl
10 verbose lifecycle webentwicklung@1.0.0~start: CWD: D:\Webentwicklung
11 silly lifecycle webentwicklung@1.0.0~start: Args: [ '/d /s /c', 'nodemon backend/main 8080' ]
12 silly lifecycle webentwicklung@1.0.0~start: Returned: code: 1  signal: null
13 info lifecycle webentwicklung@1.0.0~start: Failed to exec start script
14 verbose stack Error: webentwicklung@1.0.0 start: `nodemon backend/main 8080`
14 verbose stack Exit status 1
14 verbose stack     at EventEmitter.<anonymous> (C:\Program Files\nodejs\node_modules\npm\lib\utils\lifecycle.js:279:16)
14 verbose stack     at emitTwo (events.js:106:13)
14 verbose stack     at EventEmitter.emit (events.js:194:7)
14 verbose stack     at ChildProcess.<anonymous> (C:\Program Files\nodejs\node_modules\npm\lib\utils\spawn.js:40:14)
14 verbose stack     at emitTwo (events.js:106:13)
14 verbose stack     at ChildProcess.emit (events.js:194:7)
14 verbose stack     at maybeClose (internal/child_process.js:899:16)
14 verbose stack     at Process.ChildProcess._handle.onexit (internal/child_process.js:226:5)
15 verbose pkgid webentwicklung@1.0.0
16 verbose cwd D:\Webentwicklung
17 error Windows_NT 10.0.17134
18 error argv "C:\\Program Files\\nodejs\\node.exe" "C:\\Program Files\\nodejs\\node_modules\\npm\\bin\\npm-cli.js" "start"
19 error node v7.7.3
20 error npm  v4.1.2
21 error code ELIFECYCLE
22 error webentwicklung@1.0.0 start: `nodemon backend/main 8080`
22 error Exit status 1
23 error Failed at the webentwicklung@1.0.0 start script 'nodemon backend/main 8080'.
23 error Make sure you have the latest version of node.js and npm installed.
23 error If you do, this is most likely a problem with the webentwicklung package,
23 error not with npm itself.
23 error Tell the author that this fails on your system:
23 error     nodemon backend/main 8080
23 error You can get information on how to open an issue for this project with:
23 error     npm bugs webentwicklung
23 error Or if that isn't available, you can get their info via:
23 error     npm owner ls webentwicklung
23 error There is likely additional logging output above.
24 verbose exit [ 1, true ]
